2026-02-03 20:22:34,986 INFO o.a.j.u.JMeterUtils: Setting Locale to en_EN
2026-02-03 20:22:35,004 INFO o.a.j.JMeter: Loading user properties from: D:\apache-jmeter\apache-jmeter-5.6.3\bin\user.properties
2026-02-03 20:22:35,005 INFO o.a.j.JMeter: Loading system properties from: D:\apache-jmeter\apache-jmeter-5.6.3\bin\system.properties
2026-02-03 20:22:35,010 INFO o.a.j.JMeter: Copyright (c) 1998-2024 The Apache Software Foundation
2026-02-03 20:22:35,010 INFO o.a.j.JMeter: Version 5.6.3
2026-02-03 20:22:35,010 INFO o.a.j.JMeter: java.version=20.0.2
2026-02-03 20:22:35,010 INFO o.a.j.JMeter: java.vm.name=Java HotSpot(TM) 64-Bit Server VM
2026-02-03 20:22:35,010 INFO o.a.j.JMeter: os.name=Windows 11
2026-02-03 20:22:35,010 INFO o.a.j.JMeter: os.arch=amd64
2026-02-03 20:22:35,010 INFO o.a.j.JMeter: os.version=10.0
2026-02-03 20:22:35,010 INFO o.a.j.JMeter: file.encoding=UTF-8
2026-02-03 20:22:35,010 INFO o.a.j.JMeter: java.awt.headless=true
2026-02-03 20:22:35,010 INFO o.a.j.JMeter: Max memory     =1073741824
2026-02-03 20:22:35,010 INFO o.a.j.JMeter: Available Processors =16
2026-02-03 20:22:35,021 INFO o.a.j.JMeter: Default Locale=English (EN)
2026-02-03 20:22:35,021 INFO o.a.j.JMeter: JMeter  Locale=English (EN)
2026-02-03 20:22:35,021 INFO o.a.j.JMeter: JMeterHome=D:\apache-jmeter\apache-jmeter-5.6.3
2026-02-03 20:22:35,021 INFO o.a.j.JMeter: user.dir  =G:\Go\jmeter
2026-02-03 20:22:35,021 INFO o.a.j.JMeter: PWD       =G:\Go\jmeter
2026-02-03 20:22:39,935 INFO o.a.j.JMeter: IP: 192.168.5.99 Name: AuroraComputer FullName: AuroraComputer
2026-02-03 20:22:39,949 ERROR o.a.j.JMeter: An error occurred: 
java.lang.IllegalArgumentException: Cannot write to 'g:\Go\jmeter\report' as folder is not empty
	at org.apache.jorphan.util.JOrphanUtils.canSafelyWriteToFolder(JOrphanUtils.java:664) ~[jorphan.jar:5.6.3]
	at org.apache.jorphan.util.JOrphanUtils.canSafelyWriteToFolder(JOrphanUtils.java:620) ~[jorphan.jar:5.6.3]
	at org.apache.jmeter.JMeter.extractAndSetReportOutputFolder(JMeter.java:542) ~[ApacheJMeter_core.jar:5.6.3]
	at org.apache.jmeter.JMeter.start(JMeter.java:483) [ApacheJMeter_core.jar:5.6.3]
	at java.base/jdk.internal.reflect.DirectMethodHandleAccessor.invoke(DirectMethodHandleAccessor.java:104) ~[?:?]
	at java.base/java.lang.reflect.Method.invoke(Method.java:578) ~[?:?]
	at org.apache.jmeter.NewDriver.main(NewDriver.java:259) [ApacheJMeter.jar:5.6.3]
